<?xml version="1.0" encoding="UTF-8"?>
<!-- Generated by org.testng.reporters.JUnitXMLReporter -->
<testsuite hostname="DESKTOP-DVVCUFJ" ignored="0" name="Default test" tests="5" failures="0" timestamp="07 Mar 2019 03:15:52 GMT" time="0.545" errors="0">
  <testcase name="test" time="0.062" classname="com.Dataprovider.demo.TestDp1_Demo"/>
  <testcase name="test" time="0.031" classname="com.Dataprovider.demo.TestDp1_Demo"/>
  <testcase name="test" time="0.015" classname="com.Dataprovider.demo.TestDp1_Demo"/>
  <testcase name="test" time="0.0" classname="com.Dataprovider.demo.TestDp1_Demo"/>
  <testcase name="test" time="0.0" classname="com.Dataprovider.demo.TestDp1_Demo"/>
</testsuite> <!-- Default test -->
