<?xml version="1.0" encoding="UTF-8"?>
<!-- Generated by org.testng.reporters.JUnitXMLReporter -->
<testsuite hostname="DESKTOP-DVVCUFJ" ignored="4" name="FirstTest" tests="1" failures="1" timestamp="15 Mar 2019 02:55:36 GMT" time="3.772" errors="0">
  <testcase name="sinario1" time="0.311" classname="com.test.FB_Test">
    <failure type="java.lang.NoClassDefFoundError" message="org/apache/poi/ss/usermodel/Workbook">
      <![CDATA[java.lang.NoClassDefFoundError: org/apache/poi/ss/usermodel/Workbook
at java.lang.ClassLoader.defineClass1(Native Method)
at java.lang.ClassLoader.defineClass(Unknown Source)
at java.security.SecureClassLoader.defineClass(Unknown Source)
at java.net.URLClassLoader.defineClass(Unknown Source)
at java.net.URLClassLoader.access$100(Unknown Source)
at java.net.URLClassLoader$1.run(Unknown Source)
at java.net.URLClassLoader$1.run(Unknown Source)
at java.security.AccessController.doPrivileged(Native Method)
at java.net.URLClassLoader.findClass(Unknown Source)
at java.lang.ClassLoader.loadClass(Unknown Source)
at sun.misc.Launcher$AppClassLoader.loadClass(Unknown Source)
at java.lang.ClassLoader.loadClass(Unknown Source)
at com.common.GeneralFunc.getExcelValues(GeneralFunc.java:29)
at com.test.FB_Test.sinario1(FB_Test.java:29)
Caused by: java.lang.ClassNotFoundException: org.apache.poi.ss.usermodel.Workbook
at java.net.URLClassLoader.findClass(Unknown Source)
at java.lang.ClassLoader.loadClass(Unknown Source)
at sun.misc.Launcher$AppClassLoader.loadClass(Unknown Source)
at java.lang.ClassLoader.loadClass(Unknown Source)
... 39 more
... Removed 25 stack frames]]>
    </failure>
  </testcase> <!-- sinario1 -->
  <testcase name="sinario4Anand" time="0.0" classname="com.test.FB_Test">
    <ignored/>
  </testcase> <!-- sinario4Anand -->
  <testcase name="mytest" time="0.0" classname="com.test.FB_Test">
    <ignored/>
  </testcase> <!-- mytest -->
  <testcase name="sinario2" time="0.0" classname="com.test.FB_Test">
    <ignored/>
  </testcase> <!-- sinario2 -->
  <testcase name="mytest2" time="0.0" classname="com.test.FB_Test">
    <ignored/>
  </testcase> <!-- mytest2 -->
</testsuite> <!-- FirstTest -->
